<?xml version="1.0" encoding="UTF-8"?>
<!-- Generated by org.testng.reporters.JUnitReportReporter -->
<testsuite hostname="LAPTOP-2D2HD7IM" failures="0" tests="2" name="parasoftTest.NewAccountRegistrationTest" time="6.710" errors="0" timestamp="2023-01-17T23:12:40 CET" skipped="0">
  <testcase classname="parasoftTest.NewAccountRegistrationTest" name="testSuccessfulRegistration" time="4.388"/>
  <system-out/>
  <testcase classname="parasoftTest.NewAccountRegistrationTest" name="duplicateUsernameTest" time="2.322"/>
  <system-out/>
</testsuite> <!-- parasoftTest.NewAccountRegistrationTest -->
