<?xml version="1.0" encoding="UTF-8"?>
<!-- Generated by org.testng.reporters.JUnitReportReporter -->
<testsuite hostname="LAPTOP-2D2HD7IM" failures="0" tests="1" name="parasoft.NewAccountRegistration" time="4.065" errors="0" timestamp="2023-01-15T17:48:52 CET" skipped="0">
  <testcase classname="parasoft.NewAccountRegistration" name="test" time="4.065"/>
  <system-out/>
</testsuite> <!-- parasoft.NewAccountRegistration -->
